[debug] [2024-10-06T17:08:11.530Z] ----------------------------------------------------------------------
[debug] [2024-10-06T17:08:11.533Z] Command:       C:\Program Files\nodejs\node.exe C:\Program Files\nodejs\node_modules\firebase-tools\lib\bin\firebase.js deploy --only hosting
[debug] [2024-10-06T17:08:11.533Z] CLI Version:   13.17.0
[debug] [2024-10-06T17:08:11.533Z] Platform:      win32
[debug] [2024-10-06T17:08:11.533Z] Node Version:  v20.11.0
[debug] [2024-10-06T17:08:11.534Z] Time:          Sun Oct 06 2024 14:08:11 GMT-0300 (Horário Padrão de Brasília)
[debug] [2024-10-06T17:08:11.534Z] ----------------------------------------------------------------------
[debug] 
[debug] [2024-10-06T17:08:11.598Z] > command requires scopes: ["email","openid","https://www.googleapis.com/auth/cloudplatformprojects.readonly","https://www.googleapis.com/auth/firebase","https://www.googleapis.com/auth/cloud-platform"]
[debug] [2024-10-06T17:08:11.599Z] > authorizing via signed-in user (lucasmotagomes44@gmail.com)
[debug] [2024-10-06T17:08:11.599Z] [iam] checking project galatics-rats for permissions ["firebase.projects.get","firebasehosting.sites.update"]
[debug] [2024-10-06T17:08:11.601Z] >>> [apiv2][query] POST https://cloudresourcemanager.googleapis.com/v1/projects/galatics-rats:testIamPermissions [none]
[debug] [2024-10-06T17:08:11.601Z] >>> [apiv2][(partial)header] POST https://cloudresourcemanager.googleapis.com/v1/projects/galatics-rats:testIamPermissions x-goog-quota-user=projects/galatics-rats
[debug] [2024-10-06T17:08:11.601Z] >>> [apiv2][body] POST https://cloudresourcemanager.googleapis.com/v1/projects/galatics-rats:testIamPermissions {"permissions":["firebase.projects.get","firebasehosting.sites.update"]}
[debug] [2024-10-06T17:08:14.595Z] <<< [apiv2][status] POST https://cloudresourcemanager.googleapis.com/v1/projects/galatics-rats:testIamPermissions 200
[debug] [2024-10-06T17:08:14.595Z] <<< [apiv2][body] POST https://cloudresourcemanager.googleapis.com/v1/projects/galatics-rats:testIamPermissions {"permissions":["firebase.projects.get","firebasehosting.sites.update"]}
[debug] [2024-10-06T17:08:14.596Z] >>> [apiv2][query] GET https://firebase.googleapis.com/v1beta1/projects/galatics-rats [none]
[debug] [2024-10-06T17:08:15.133Z] <<< [apiv2][status] GET https://firebase.googleapis.com/v1beta1/projects/galatics-rats 200
[debug] [2024-10-06T17:08:15.133Z] <<< [apiv2][body] GET https://firebase.googleapis.com/v1beta1/projects/galatics-rats {"projectId":"galatics-rats","projectNumber":"331967498648","displayName":"Galatics Rats","name":"projects/galatics-rats","resources":{"hostingSite":"galatics-rats"},"state":"ACTIVE","etag":"1_69cff779-89d3-4794-94a5-1d9af2ba1ddf"}
[debug] [2024-10-06T17:08:25.811Z] SyntaxError: Unexpected end of JSON input
    at JSON.parse (<anonymous>)
    at findDependency (C:\Users\lcasm\AppData\Roaming\nvm\v20.11.0\node_modules\firebase-tools\lib\frameworks\utils.js:188:23)
    at prepareFrameworks (C:\Users\lcasm\AppData\Roaming\nvm\v20.11.0\node_modules\firebase-tools\lib\frameworks\index.js:124:67)
    at deploy (C:\Users\lcasm\AppData\Roaming\nvm\v20.11.0\node_modules\firebase-tools\lib\deploy\index.js:57:54)
    at Command.actionFn (C:\Users\lcasm\AppData\Roaming\nvm\v20.11.0\node_modules\firebase-tools\lib\commands\deploy.js:134:32)
    at C:\Users\lcasm\AppData\Roaming\nvm\v20.11.0\node_modules\firebase-tools\lib\command.js:228:25
    at process.processTicksAndRejections (node:internal/process/task_queues:95:5)
[error] 
[error] Error: An unexpected error has occurred.
